<?xml version="1.0" encoding="UTF-8"?>
<!-- Generated by org.testng.reporters.JUnitReportReporter -->
<testsuite hostname="EGCA1-0091" failures="0" tests="1" name="test_cases.TestBase" time="25.012" errors="0" timestamp="2022-06-30T18:36:12 EET" skipped="0">
  <testcase classname="test_cases.TestBase" name="startApplication" time="25.012"/>
  <system-out/>
</testsuite> <!-- test_cases.TestBase -->
