<?xml version="1.0" encoding="UTF-8"?>
<!-- Generated by org.testng.reporters.JUnitReportReporter -->
<testsuite hostname="EGCA1-0091" failures="0" tests="2" name="test_cases.Testcase001_SearchingProducts" time="53.931" errors="0" timestamp="2022-06-30T18:47:49 EET" skipped="0">
  <testcase classname="test_cases.Testcase001_SearchingProducts" name="startApplication" time="33.324"/>
  <system-out/>
  <testcase classname="test_cases.Testcase001_SearchingProducts" name="SearchProducts" time="20.607"/>
  <system-out/>
</testsuite> <!-- test_cases.Testcase001_SearchingProducts -->
